<?xml version="1.0" encoding="UTF-8"?>
<Site BuildName="(empty)"
	BuildStamp="20230722-0321-Experimental"
	Name="jay-OMEN-by-HP-Gaming-Laptop-16-k0xxx"
	Generator="ctest-3.27.0-rc5"
	CompilerName="/usr/bin/c++"
	CompilerVersion="11.3.0"
	OSName="Linux"
	Hostname="jay-OMEN-by-HP-Gaming-Laptop-16-k0xxx"
	OSRelease="5.19.0-46-generic"
	OSVersion="#47~22.04.1-Ubuntu SMP PREEMPT_DYNAMIC Wed Jun 21 15:35:31 UTC 2"
	OSPlatform="x86_64"
	Is64Bits="1"
	VendorString="GenuineIntel"
	VendorID="Intel Corporation"
	FamilyID="6"
	ModelID="154"
	ProcessorCacheSize="24576"
	NumberOfLogicalCPU="20"
	NumberOfPhysicalCPU="14"
	TotalVirtualMemory="2047"
	TotalPhysicalMemory="31756"
	LogicalProcessorsPerPhysical="1"
	ProcessorClockFrequency="2556.62"
	>
	<Testing>
		<StartDateTime>Jul 21 23:24 EDT</StartDateTime>
		<StartTestTime>1689996255</StartTestTime>
		<TestList/>
		<EndDateTime>Jul 21 23:24 EDT</EndDateTime>
		<EndTestTime>1689996255</EndTestTime>
		<ElapsedMinutes>0</ElapsedMinutes>
	</Testing>
</Site>
